Flow report for SoCKit_i2sound
Wed May 26 19:40:04 2021
Quartus II 64-Bit Version 13.0.1 Build 232 06/12/2013 Service Pack 1 SJ Web Edition


---------------------
; Table of Contents ;
---------------------
  1. Legal Notice
  2. Flow Summary
  3. Flow Settings
  4. Flow Non-Default Global Settings
  5. Flow Elapsed Time
  6. Flow OS Summary
  7. Flow Log
  8. Flow Messages
  9. Flow Suppressed Messages



----------------
; Legal Notice ;
----------------
Copyright (C) 1991-2013 Altera Corporation
Your use of Altera Corporation's design tools, logic functions 
and other software and tools, and its AMPP partner logic 
functions, and any output files from any of the foregoing 
(including device programming or simulation files), and any 
associated documentation or information are expressly subject 
to the terms and conditions of the Altera Program License 
Subscription Agreement, Altera MegaCore Function License 
Agreement, or other applicable license agreement, including, 
without limitation, that your use is for the sole purpose of 
programming logic devices manufactured by Altera and sold by 
Altera or its authorized distributors.  Please refer to the 
applicable agreement for further details.



+---------------------------------------------------------------------------------------+
; Flow Summary                                                                          ;
+-------------------------------------+-------------------------------------------------+
; Flow Status                         ; Successful - Wed May 26 19:40:04 2021           ;
; Quartus II 64-Bit Version           ; 13.0.1 Build 232 06/12/2013 SP 1 SJ Web Edition ;
; Revision Name                       ; SoCKit_i2sound                                  ;
; Top-level Entity Name               ; SoCKit_i2sound                                  ;
; Family                              ; Cyclone V                                       ;
; Device                              ; 5CSXFC6D6F31C6                                  ;
; Timing Models                       ; Preliminary                                     ;
; Logic utilization (in ALMs)         ; 253 / 41,910 ( < 1 % )                          ;
; Total registers                     ; 108                                             ;
; Total pins                          ; 21 / 499 ( 4 % )                                ;
; Total virtual pins                  ; 0                                               ;
; Total block memory bits             ; 3,840,000 / 5,662,720 ( 68 % )                  ;
; Total DSP Blocks                    ; 0 / 112 ( 0 % )                                 ;
; Total HSSI RX PCSs                  ; 0 / 9 ( 0 % )                                   ;
; Total HSSI PMA RX Deserializers     ; 0 / 9 ( 0 % )                                   ;
; Total HSSI PMA RX ATT Deserializers ; 0                                               ;
; Total HSSI TX PCSs                  ; 0 / 9 ( 0 % )                                   ;
; Total HSSI PMA TX Serializers       ; 0 / 9 ( 0 % )                                   ;
; Total HSSI PMA TX ATT Serializers   ; 0 / 9 ( 0 % )                                   ;
; Total PLLs                          ; 0 / 15 ( 0 % )                                  ;
; Total DLLs                          ; 0 / 4 ( 0 % )                                   ;
+-------------------------------------+-------------------------------------------------+


+-----------------------------------------+
; Flow Settings                           ;
+-------------------+---------------------+
; Option            ; Setting             ;
+-------------------+---------------------+
; Start date & time ; 05/26/2021 19:38:19 ;
; Main task         ; Compilation         ;
; Revision Name     ; SoCKit_i2sound      ;
+-------------------+---------------------+


+-----------------------------------------------------------------------------------------------------------------------------+
; Flow Non-Default Global Settings                                                                                            ;
+--------------------------------------+---------------------------------------+---------------+-------------+----------------+
; Assignment Name                      ; Value                                 ; Default Value ; Entity Name ; Section Id     ;
+--------------------------------------+---------------------------------------+---------------+-------------+----------------+
; COMPILER_SIGNATURE_ID                ; 39908808487980.162204709907396        ; --            ; --          ; --             ;
; EDA_DESIGN_INSTANCE_NAME             ; NA                                    ; --            ; --          ; tb             ;
; EDA_NATIVELINK_SIMULATION_TEST_BENCH ; tb                                    ; --            ; --          ; eda_simulation ;
; EDA_OUTPUT_DATA_FORMAT               ; Verilog Hdl                           ; --            ; --          ; eda_simulation ;
; EDA_SIMULATION_TOOL                  ; QuestaSim (Verilog)                   ; <None>        ; --          ; --             ;
; EDA_TEST_BENCH_ENABLE_STATUS         ; TEST_BENCH_MODE                       ; --            ; --          ; eda_simulation ;
; EDA_TEST_BENCH_FILE                  ; tb.v                                  ; --            ; --          ; tb             ;
; EDA_TEST_BENCH_MODULE_NAME           ; tb                                    ; --            ; --          ; tb             ;
; EDA_TEST_BENCH_NAME                  ; tb                                    ; --            ; --          ; eda_simulation ;
; EDA_TIME_SCALE                       ; 1 ps                                  ; --            ; --          ; eda_simulation ;
; IP_TOOL_ENV                          ; mwpim                                 ; --            ; pll2        ; --             ;
; IP_TOOL_ENV                          ; mwpim                                 ; --            ; pll2        ; --             ;
; IP_TOOL_ENV                          ; mwpim                                 ; --            ; pll2_0002   ; --             ;
; IP_TOOL_NAME                         ; ROM: 1-PORT                           ; --            ; --          ; --             ;
; IP_TOOL_NAME                         ; altera_pll                            ; --            ; pll2        ; --             ;
; IP_TOOL_NAME                         ; altera_pll                            ; --            ; pll2        ; --             ;
; IP_TOOL_NAME                         ; altera_pll                            ; --            ; pll2_0002   ; --             ;
; IP_TOOL_VERSION                      ; 13.0                                  ; --            ; --          ; --             ;
; IP_TOOL_VERSION                      ; 13.0sp1                               ; --            ; pll2        ; --             ;
; IP_TOOL_VERSION                      ; 13.0sp1                               ; --            ; pll2        ; --             ;
; IP_TOOL_VERSION                      ; 13.0                                  ; --            ; pll2_0002   ; --             ;
; MAX_CORE_JUNCTION_TEMP               ; 85                                    ; --            ; --          ; --             ;
; MIN_CORE_JUNCTION_TEMP               ; 0                                     ; --            ; --          ; --             ;
; MISC_FILE                            ; audio_rom_bb.v                        ; --            ; --          ; --             ;
; MISC_FILE                            ; pll2.cmp                              ; --            ; --          ; --             ;
; MISC_FILE                            ; pll2_sim/pll2.vo                      ; --            ; --          ; --             ;
; OUTPUT_IO_TIMING_FAR_END_VMEAS       ; Half Signal Swing                     ; --            ; --          ; --             ;
; OUTPUT_IO_TIMING_FAR_END_VMEAS       ; Half Signal Swing                     ; --            ; --          ; --             ;
; OUTPUT_IO_TIMING_NEAR_END_VMEAS      ; Half Vccio                            ; --            ; --          ; --             ;
; OUTPUT_IO_TIMING_NEAR_END_VMEAS      ; Half Vccio                            ; --            ; --          ; --             ;
; PARTITION_COLOR                      ; 16764057                              ; --            ; --          ; Top            ;
; PARTITION_FITTER_PRESERVATION_LEVEL  ; PLACEMENT_AND_ROUTING                 ; --            ; --          ; Top            ;
; PARTITION_NETLIST_TYPE               ; SOURCE                                ; --            ; --          ; Top            ;
; POWER_BOARD_THERMAL_MODEL            ; None (CONSERVATIVE)                   ; --            ; --          ; --             ;
; POWER_PRESET_COOLING_SOLUTION        ; 23 MM HEAT SINK WITH 200 LFPM AIRFLOW ; --            ; --          ; --             ;
; SPD_FILE                             ; pll2.spd                              ; --            ; --          ; --             ;
; SYNTHESIS_ONLY_QIP                   ; On                                    ; --            ; --          ; --             ;
+--------------------------------------+---------------------------------------+---------------+-------------+----------------+


+-------------------------------------------------------------------------------------------------------------------------------+
; Flow Elapsed Time                                                                                                             ;
+---------------------------+--------------+-------------------------+---------------------+------------------------------------+
; Module Name               ; Elapsed Time ; Average Processors Used ; Peak Virtual Memory ; Total CPU Time (on all processors) ;
+---------------------------+--------------+-------------------------+---------------------+------------------------------------+
; Analysis & Synthesis      ; 00:00:08     ; 1.0                     ; 4708 MB             ; 00:00:08                           ;
; Fitter                    ; 00:01:10     ; 1.0                     ; 6100 MB             ; 00:01:10                           ;
; Assembler                 ; 00:00:02     ; 1.0                     ; 4616 MB             ; 00:00:03                           ;
; TimeQuest Timing Analyzer ; 00:00:18     ; 1.0                     ; 5231 MB             ; 00:00:18                           ;
; EDA Netlist Writer        ; 00:00:03     ; 1.0                     ; 4646 MB             ; 00:00:03                           ;
; Total                     ; 00:01:41     ; --                      ; --                  ; 00:01:42                           ;
+---------------------------+--------------+-------------------------+---------------------+------------------------------------+


+----------------------------------------------------------------------------------------+
; Flow OS Summary                                                                        ;
+---------------------------+------------------+-----------+------------+----------------+
; Module Name               ; Machine Hostname ; OS Name   ; OS Version ; Processor type ;
+---------------------------+------------------+-----------+------------+----------------+
; Analysis & Synthesis      ; DESKTOP-IHN75SV  ; Windows 7 ; 6.2        ; x86_64         ;
; Fitter                    ; DESKTOP-IHN75SV  ; Windows 7 ; 6.2        ; x86_64         ;
; Assembler                 ; DESKTOP-IHN75SV  ; Windows 7 ; 6.2        ; x86_64         ;
; TimeQuest Timing Analyzer ; DESKTOP-IHN75SV  ; Windows 7 ; 6.2        ; x86_64         ;
; EDA Netlist Writer        ; DESKTOP-IHN75SV  ; Windows 7 ; 6.2        ; x86_64         ;
+---------------------------+------------------+-----------+------------+----------------+


------------
; Flow Log ;
------------
quartus_map --read_settings_files=on --write_settings_files=off SoCKit_i2sound -c SoCKit_i2sound
quartus_fit --read_settings_files=off --write_settings_files=off SoCKit_i2sound -c SoCKit_i2sound
quartus_asm --read_settings_files=off --write_settings_files=off SoCKit_i2sound -c SoCKit_i2sound
quartus_sta SoCKit_i2sound -c SoCKit_i2sound
quartus_eda --read_settings_files=off --write_settings_files=off SoCKit_i2sound -c SoCKit_i2sound



